

processing file: index.Rmd
1/19                                     
2/19 [setup]                             
3/19                                     
4/19 [index-GlobalOptions]               
5/19                                     
6/19 [index-Prelims]                     
7/19                                     
8/19 [meet-20250310-disc-rec-cap]        
9/19                                     
10/19 [meet-20250310-disc-rec]            
11/19                                     
12/19 [meet-20250310-disc-no-confirm-cap ]
13/19                                     
14/19 [meet-20250310-disc-no-confirm]     
15/19                                     
16/19 [meet-20250310-disc-iterative]      
17/19                                     
18/19 [unnamed-chunk-1]                   
output file: index.knit.md

/usr/local/bin/pandoc +RTS -K512m -RTS index.knit.md --to html4 --from markdown+autolink_bare_uris+tex_math_single_backslash --output index.html --lua-filter /Library/Frameworks/R.framework/Versions/4.4-x86_64/Resources/library/bookdown/rmarkdown/lua/custom-environment.lua --lua-filter /Users/fcollin/Library/R/x86_64/4.4/library/rmarkdown/rmarkdown/lua/pagebreak.lua --lua-filter /Users/fcollin/Library/R/x86_64/4.4/library/rmarkdown/rmarkdown/lua/latex-div.lua --lua-filter /Users/fcollin/Library/R/x86_64/4.4/library/rmarkdown/rmarkdown/lua/table-classes.lua --embed-resources --standalone --wrap preserve --variable bs3=TRUE --section-divs --table-of-contents --toc-depth 2 --template /Users/fcollin/Library/R/x86_64/4.4/library/rmarkdown/rmd/h/default.html --no-highlight --variable highlightjs=1 --number-sections --include-before-body /var/folders/jk/d24lm6n944q5y650lph85m7w0000gp/T//RtmpYqP3Hk/rmarkdown-strc695d5c56f2.html --variable navbar=1 --variable theme=bootstrap --mathjax --variable 'mathjax-url=https://mathjax.rstudio.com/latest/MathJax.js?config=TeX-AMS-MML_HTMLorMML' --include-in-header /var/folders/jk/d24lm6n944q5y650lph85m7w0000gp/T//RtmpYqP3Hk/rmarkdown-strc69595059c0.html --variable code_folding=hide --variable source_embed=index.Rmd --include-after-body /var/folders/jk/d24lm6n944q5y650lph85m7w0000gp/T//RtmpYqP3Hk/filec692a347a0f.html --variable code_menu=1 --citeproc 

Output created: index.html
